This is pdfTeX, Version 3.14159265-2.6-1.40.21 (TeX Live 2020/Arch Linux) (preloaded format=pdflatex 2021.1.7)  28 JAN 2021 02:43
entering extended mode
 restricted \write18 enabled.
 file:line:error style messages enabled.
 %&-line parsing enabled.
**"/home/rishi/Documents/Adversarial-Attack/Report/Seminar Report.tex"
(/home/rishi/Documents/Adversarial-Attack/Report/Seminar Report.tex
LaTeX2e <2020-10-01> patch level 2
L3 programming layer <2020-12-03> xparse <2020-03-03> (/usr/share/texmf-dist/tex/latex/base/article.cls
Document Class: article 2020/04/10 v1.4m Standard LaTeX document class
(/usr/share/texmf-dist/tex/latex/base/size10.clo
File: size10.clo 2020/04/10 v1.4m Standard LaTeX file (size option)
)
\c@part=\count177
\c@section=\count178
\c@subsection=\count179
\c@subsubsection=\count180
\c@paragraph=\count181
\c@subparagraph=\count182
\c@figure=\count183
\c@table=\count184
\abovecaptionskip=\skip47
\belowcaptionskip=\skip48
\bibindent=\dimen138
) (/usr/share/texmf-dist/tex/latex/base/inputenc.sty
Package: inputenc 2020/08/01 v1.3d Input encoding file
\inpenc@prehook=\toks15
\inpenc@posthook=\toks16
) (/usr/local/share/texmf/tex/latex/abstract/abstract.sty
Package: abstract 2009/06/08 v1.2a configurable abstracts
\abstitleskip=\skip49
\absleftindent=\skip50
\absrightindent=\skip51
\absparindent=\skip52
\absparsep=\skip53
) (/usr/share/texmf-dist/tex/latex/amsmath/amsmath.sty
Package: amsmath 2020/09/23 v2.17i AMS math features
\@mathmargin=\skip54

For additional information on amsmath, use the `?' option.
(/usr/share/texmf-dist/tex/latex/amsmath/amstext.sty
Package: amstext 2000/06/29 v2.01 AMS text
 (/usr/share/texmf-dist/tex/latex/amsmath/amsgen.sty
File: amsgen.sty 1999/11/30 v2.0 generic functions
\@emptytoks=\toks17
\ex@=\dimen139
)) (/usr/share/texmf-dist/tex/latex/amsmath/amsbsy.sty
Package: amsbsy 1999/11/29 v1.2d Bold Symbols
\pmbraise@=\dimen140
) (/usr/share/texmf-dist/tex/latex/amsmath/amsopn.sty
Package: amsopn 2016/03/08 v2.02 operator names
)
\inf@bad=\count185
LaTeX Info: Redefining \frac on input line 234.
\uproot@=\count186
\leftroot@=\count187
LaTeX Info: Redefining \overline on input line 399.
\classnum@=\count188
\DOTSCASE@=\count189
LaTeX Info: Redefining \ldots on input line 496.
LaTeX Info: Redefining \dots on input line 499.
LaTeX Info: Redefining \cdots on input line 620.
\Mathstrutbox@=\box47
\strutbox@=\box48
\big@size=\dimen141
LaTeX Font Info:    Redeclaring font encoding OML on input line 743.
LaTeX Font Info:    Redeclaring font encoding OMS on input line 744.
\macc@depth=\count190
\c@MaxMatrixCols=\count191
\dotsspace@=\muskip16
\c@parentequation=\count192
\dspbrk@lvl=\count193
\tag@help=\toks18
\row@=\count194
\column@=\count195
\maxfields@=\count196
\andhelp@=\toks19
\eqnshift@=\dimen142
\alignsep@=\dimen143
\tagshift@=\dimen144
\tagwidth@=\dimen145
\totwidth@=\dimen146
\lineht@=\dimen147
\@envbody=\toks20
\multlinegap=\skip55
\multlinetaggap=\skip56
\mathdisplay@stack=\toks21
LaTeX Info: Redefining \[ on input line 2923.
LaTeX Info: Redefining \] on input line 2924.
) (/usr/share/texmf-dist/tex/latex/amsfonts/amsfonts.sty
Package: amsfonts 2013/01/14 v3.01 Basic AMSFonts support
\symAMSa=\mathgroup4
\symAMSb=\mathgroup5
LaTeX Font Info:    Redeclaring math symbol \hbar on input line 98.
LaTeX Font Info:    Overwriting math alphabet `\mathfrak' in version `bold'
(Font)                  U/euf/m/n --> U/euf/b/n on input line 106.
) (/usr/share/texmf-dist/tex/latex/amsfonts/amssymb.sty
Package: amssymb 2013/01/14 v3.01 AMS font symbols
) (/usr/local/share/texmf/tex/latex/minted/minted.sty
Package: minted 2017/07/19 v2.5 Yet another Pygments shim for LaTeX
 (/usr/share/texmf-dist/tex/latex/graphics/keyval.sty
Package: keyval 2014/10/28 v1.15 key=value parser (DPC)
\KV@toks@=\toks22
) (/usr/share/texmf-dist/tex/latex/kvoptions/kvoptions.sty
Package: kvoptions 2020-10-07 v3.14 Key value format for package options (HO)
 (/usr/share/texmf-dist/tex/generic/ltxcmds/ltxcmds.sty
Package: ltxcmds 2020-05-10 v1.25 LaTeX kernel commands for general use (HO)
) (/usr/share/texmf-dist/tex/generic/kvsetkeys/kvsetkeys.sty
Package: kvsetkeys 2019/12/15 v1.18 Key value parser (HO)
)) (/usr/local/share/texmf/tex/latex/fvextra/fvextra.sty
Package: fvextra 2019/02/04 v1.4 fvextra - extensions and patches for fancyvrb
 (/usr/share/texmf-dist/tex/latex/base/ifthen.sty
Package: ifthen 2014/09/29 v1.1c Standard LaTeX ifthen package (DPC)
) (/usr/share/texmf-dist/tex/latex/etoolbox/etoolbox.sty
Package: etoolbox 2020/10/05 v2.5k e-TeX tools for LaTeX (JAW)
\etb@tempcnta=\count197
) (/usr/share/texmf-dist/tex/latex/fancyvrb/fancyvrb.sty
Package: fancyvrb 2020/05/03 v3.6 verbatim text (tvz,hv)
\FV@CodeLineNo=\count198
\FV@InFile=\read2
\FV@TabBox=\box49
\c@FancyVerbLine=\count199
\FV@StepNumber=\count266
\FV@OutFile=\write3
) (/usr/local/share/texmf/tex/latex/upquote/upquote.sty
Package: upquote 2012/04/19 v1.3 upright-quote and grave-accent glyphs in verbatim
) (/usr/share/texmf-dist/tex/latex/lineno/lineno.sty
Package: lineno 2005/11/02 line numbers on paragraphs v4.41
\linenopenalty=\count267
\output=\toks23
\linenoprevgraf=\count268
\linenumbersep=\dimen148
\linenumberwidth=\dimen149
\c@linenumber=\count269
\c@pagewiselinenumber=\count270
\c@LN@truepage=\count271
\c@internallinenumber=\count272
\c@internallinenumbers=\count273
\quotelinenumbersep=\dimen150
\bframerule=\dimen151
\bframesep=\dimen152
\bframebox=\box50
LaTeX Info: Redefining \\ on input line 3056.
)
\c@FV@TrueTabGroupLevel=\count274
\c@FV@TrueTabCounter=\count275
\FV@TabBox@Group=\box51
\FV@TmpLength=\skip57
\c@FV@HighlightLinesStart=\count276
\c@FV@HighlightLinesStop=\count277
\FV@LoopCount=\count278
\FV@NCharsBox=\box52
\FV@BreakIndent=\dimen153
\FV@BreakIndentNChars=\count279
\FV@BreakSymbolSepLeft=\dimen154
\FV@BreakSymbolSepLeftNChars=\count280
\FV@BreakSymbolSepRight=\dimen155
\FV@BreakSymbolSepRightNChars=\count281
\FV@BreakSymbolIndentLeft=\dimen156
\FV@BreakSymbolIndentLeftNChars=\count282
\FV@BreakSymbolIndentRight=\dimen157
\FV@BreakSymbolIndentRightNChars=\count283
\c@FancyVerbLineBreakLast=\count284
\FV@LineBox=\box53
\FV@LineIndentBox=\box54
\FV@LineWidth=\dimen158
) (/usr/share/texmf-dist/tex/latex/tools/calc.sty
Package: calc 2017/05/25 v4.3 Infix arithmetic (KKT,FJ)
\calc@Acount=\count285
\calc@Bcount=\count286
\calc@Adimen=\dimen159
\calc@Bdimen=\dimen160
\calc@Askip=\skip58
\calc@Bskip=\skip59
LaTeX Info: Redefining \setlength on input line 80.
LaTeX Info: Redefining \addtolength on input line 81.
\calc@Ccount=\count287
\calc@Cskip=\skip60
) (/usr/share/texmf-dist/tex/latex/tools/shellesc.sty
Package: shellesc 2019/11/08 v1.0c unified shell escape interface for LaTeX
Package shellesc Info: Restricted shell escape enabled on input line 77.
) (/usr/share/texmf-dist/tex/latex/ifplatform/ifplatform.sty
Package: ifplatform 2017/10/13 v0.4a Testing for the operating system
 (/usr/share/texmf-dist/tex/generic/pdftexcmds/pdftexcmds.sty
Package: pdftexcmds 2020-06-27 v0.33 Utility functions of pdfTeX for LuaTeX (HO)
 (/usr/share/texmf-dist/tex/generic/infwarerr/infwarerr.sty
Package: infwarerr 2019/12/03 v1.5 Providing info/warning/error messages (HO)
) (/usr/share/texmf-dist/tex/generic/iftex/iftex.sty
Package: iftex 2020/03/06 v1.0d TeX engine tests
)
Package pdftexcmds Info: \pdf@primitive is available.
Package pdftexcmds Info: \pdf@ifprimitive is available.
Package pdftexcmds Info: \pdfdraftmode found.
) (/usr/local/share/texmf/tex/generic/catchfile/catchfile.sty
Package: catchfile 2019/12/09 v1.8 Catch the contents of a file (HO)
 (/usr/share/texmf-dist/tex/generic/etexcmds/etexcmds.sty
Package: etexcmds 2019/12/15 v1.7 Avoid name clashes with e-TeX commands (HO)
)) (/usr/share/texmf-dist/tex/generic/iftex/ifluatex.sty
Package: ifluatex 2019/10/25 v1.5 ifluatex legacy package. Use iftex instead.
)

Package ifplatform Warning: 
    shell escape is disabled, so I can only detect \ifwindows.

) (/usr/local/share/texmf/tex/generic/xstring/xstring.sty (/usr/local/share/texmf/tex/generic/xstring/xstring.tex
\integerpart=\count288
\decimalpart=\count289
)
Package: xstring 2019/02/06 v1.83 String manipulations (CT)
) (/usr/local/share/texmf/tex/latex/framed/framed.sty
Package: framed 2011/10/22 v 0.96: framed or shaded text with page breaks
\OuterFrameSep=\skip61
\fb@frw=\dimen161
\fb@frh=\dimen162
\FrameRule=\dimen163
\FrameSep=\dimen164
) (/usr/share/texmf-dist/tex/latex/float/float.sty
Package: float 2001/11/08 v1.3d Float enhancements (AL)
\c@float@type=\count290
\float@exts=\toks24
\float@box=\box55
\@float@everytoks=\toks25
\@floatcapt=\box56
)
\minted@appexistsfile=\read3
\minted@bgbox=\box57
\minted@code=\write4
\c@minted@FancyVerbLineTemp=\count291
\c@minted@pygmentizecounter=\count292
\@float@every@listing=\toks26
\c@listing=\count293
)
runsystem(mkdir -p _minted-Seminar_Report)...disabled (restricted).

 (/usr/share/texmf-dist/tex/latex/graphics/graphicx.sty
Package: graphicx 2020/09/09 v1.2b Enhanced LaTeX Graphics (DPC,SPQR)
 (/usr/share/texmf-dist/tex/latex/graphics/graphics.sty
Package: graphics 2020/08/30 v1.4c Standard LaTeX Graphics (DPC,SPQR)
 (/usr/share/texmf-dist/tex/latex/graphics/trig.sty
Package: trig 2016/01/03 v1.10 sin cos tan (DPC)
) (/usr/share/texmf-dist/tex/latex/graphics-cfg/graphics.cfg
File: graphics.cfg 2016/06/04 v1.11 sample graphics configuration
)
Package graphics Info: Driver file: pdftex.def on input line 105.
 (/usr/share/texmf-dist/tex/latex/graphics-def/pdftex.def
File: pdftex.def 2020/10/05 v1.2a Graphics/color driver for pdftex
))
\Gin@req@height=\dimen165
\Gin@req@width=\dimen166
) (/usr/local/share/texmf/tex/latex/titlesec/titlesec.sty
Package: titlesec 2019/10/16 v2.13 Sectioning titles
\ttl@box=\box58
\beforetitleunit=\skip62
\aftertitleunit=\skip63
\ttl@plus=\dimen167
\ttl@minus=\dimen168
\ttl@toksa=\toks27
\titlewidth=\dimen169
\titlewidthlast=\dimen170
\titlewidthfirst=\dimen171
) (/usr/share/texmf-dist/tex/latex/hyperref/hyperref.sty
Package: hyperref 2020-05-15 v7.00e Hypertext links for LaTeX
 (/usr/share/texmf-dist/tex/generic/kvdefinekeys/kvdefinekeys.sty
Package: kvdefinekeys 2019-12-19 v1.6 Define keys (HO)
) (/usr/share/texmf-dist/tex/generic/pdfescape/pdfescape.sty
Package: pdfescape 2019/12/09 v1.15 Implements pdfTeX's escape features (HO)
) (/usr/share/texmf-dist/tex/latex/hycolor/hycolor.sty
Package: hycolor 2020-01-27 v1.10 Color options for hyperref/bookmark (HO)
) (/usr/share/texmf-dist/tex/latex/letltxmacro/letltxmacro.sty
Package: letltxmacro 2019/12/03 v1.6 Let assignment for LaTeX macros (HO)
) (/usr/share/texmf-dist/tex/latex/auxhook/auxhook.sty
Package: auxhook 2019-12-17 v1.6 Hooks for auxiliary files (HO)
)
\@linkdim=\dimen172
\Hy@linkcounter=\count294
\Hy@pagecounter=\count295
 (/usr/share/texmf-dist/tex/latex/hyperref/pd1enc.def
File: pd1enc.def 2020-05-15 v7.00e Hyperref: PDFDocEncoding definition (HO)
Now handling font encoding PD1 ...
... no UTF-8 mapping file for font encoding PD1
) (/usr/share/texmf-dist/tex/generic/intcalc/intcalc.sty
Package: intcalc 2019/12/15 v1.3 Expandable calculations with integers (HO)
)
\Hy@SavedSpaceFactor=\count296
Package hyperref Info: Option `colorlinks' set `true' on input line 4338.
Package hyperref Info: Hyper figures OFF on input line 4464.
Package hyperref Info: Link nesting OFF on input line 4469.
Package hyperref Info: Hyper index ON on input line 4472.
Package hyperref Info: Plain pages OFF on input line 4479.
Package hyperref Info: Backreferencing OFF on input line 4484.
Package hyperref Info: Implicit mode ON; LaTeX internals redefined.
Package hyperref Info: Bookmarks ON on input line 4717.
\c@Hy@tempcnt=\count297
 (/usr/share/texmf-dist/tex/latex/url/url.sty
\Urlmuskip=\muskip17
Package: url 2013/09/16  ver 3.4  Verb mode for urls, etc.
)
LaTeX Info: Redefining \url on input line 5076.
\XeTeXLinkMargin=\dimen173
 (/usr/share/texmf-dist/tex/generic/bitset/bitset.sty
Package: bitset 2019/12/09 v1.3 Handle bit-vector datatype (HO)
 (/usr/share/texmf-dist/tex/generic/bigintcalc/bigintcalc.sty
Package: bigintcalc 2019/12/15 v1.5 Expandable calculations on big integers (HO)
))
\Fld@menulength=\count298
\Field@Width=\dimen174
\Fld@charsize=\dimen175
Package hyperref Info: Hyper figures OFF on input line 6347.
Package hyperref Info: Link nesting OFF on input line 6352.
Package hyperref Info: Hyper index ON on input line 6355.
Package hyperref Info: backreferencing OFF on input line 6362.
Package hyperref Info: Link coloring ON on input line 6365.
Package hyperref Info: Link coloring with OCG OFF on input line 6372.
Package hyperref Info: PDF/A mode OFF on input line 6377.
LaTeX Info: Redefining \ref on input line 6417.
LaTeX Info: Redefining \pageref on input line 6421.
 (/usr/share/texmf-dist/tex/latex/base/atbegshi-ltx.sty
Package: atbegshi-ltx 2020/08/17 v1.0a Emulation of the original atbegshi package
with kernel methods
)
\Hy@abspage=\count299
\c@Item=\count300
\c@Hfootnote=\count301
)
Package hyperref Info: Driver (autodetected): hpdftex.
 (/usr/share/texmf-dist/tex/latex/hyperref/hpdftex.def
File: hpdftex.def 2020-05-15 v7.00e Hyperref driver for pdfTeX
 (/usr/share/texmf-dist/tex/latex/base/atveryend-ltx.sty
Package: atveryend-ltx 2020/08/19 v1.0a Emulation of the original atvery package
with kernel methods
)
\Fld@listcount=\count302
\c@bookmark@seq@number=\count303
 (/usr/share/texmf-dist/tex/latex/rerunfilecheck/rerunfilecheck.sty
Package: rerunfilecheck 2019/12/05 v1.9 Rerun checks for auxiliary files (HO)
 (/usr/share/texmf-dist/tex/generic/uniquecounter/uniquecounter.sty
Package: uniquecounter 2019/12/15 v1.4 Provide unlimited unique counter (HO)
)
Package uniquecounter Info: New unique counter `rerunfilecheck' on input line 286.
)
\Hy@SectionHShift=\skip64
) (/usr/local/share/texmf/tex/latex/cleveref/cleveref.sty
Package: cleveref 2018/03/27 v0.21.4 Intelligent cross-referencing
Package cleveref Info: `hyperref' support loaded on input line 2370.
LaTeX Info: Redefining \cref on input line 2370.
LaTeX Info: Redefining \Cref on input line 2370.
LaTeX Info: Redefining \crefrange on input line 2370.
LaTeX Info: Redefining \Crefrange on input line 2370.
LaTeX Info: Redefining \cpageref on input line 2370.
LaTeX Info: Redefining \Cpageref on input line 2370.
LaTeX Info: Redefining \cpagerefrange on input line 2370.
LaTeX Info: Redefining \Cpagerefrange on input line 2370.
LaTeX Info: Redefining \labelcref on input line 2370.
LaTeX Info: Redefining \labelcpageref on input line 2370.
) (/usr/share/texmf-dist/tex/latex/cite/cite.sty
LaTeX Info: Redefining \cite on input line 302.
LaTeX Info: Redefining \nocite on input line 332.
Package: cite 2015/02/27  v 5.5
) (/usr/share/texmf-dist/tex/latex/caption/subcaption.sty
Package: subcaption 2020/10/07 v1.3j Sub-captions (AR)
 (/usr/share/texmf-dist/tex/latex/caption/caption.sty
Package: caption 2020/10/26 v3.5g Customizing captions (AR)
 (/usr/share/texmf-dist/tex/latex/caption/caption3.sty
Package: caption3 2020/10/21 v2.2e caption3 kernel (AR)
\captionmargin=\dimen176
\captionmargin@=\dimen177
\captionwidth=\dimen178
\caption@tempdima=\dimen179
\caption@indent=\dimen180
\caption@parindent=\dimen181
\caption@hangindent=\dimen182
Package caption Info: Standard document class detected.
)
\c@caption@flags=\count304
\c@continuedfloat=\count305
Package caption Info: float package is loaded.
Package caption Info: hyperref package is loaded.
)
\c@subfigure=\count306
\c@subtable=\count307
) (/usr/share/texmf-dist/tex/latex/geometry/geometry.sty
Package: geometry 2020/01/02 v5.9 Page Geometry
 (/usr/share/texmf-dist/tex/generic/iftex/ifvtex.sty
Package: ifvtex 2019/10/25 v1.7 ifvtex legacy package. Use iftex instead.
)
\Gm@cnth=\count308
\Gm@cntv=\count309
\c@Gm@tempcnt=\count310
\Gm@bindingoffset=\dimen183
\Gm@wd@mp=\dimen184
\Gm@odd@mp=\dimen185
\Gm@even@mp=\dimen186
\Gm@layoutwidth=\dimen187
\Gm@layoutheight=\dimen188
\Gm@layouthoffset=\dimen189
\Gm@layoutvoffset=\dimen190
\Gm@dimlist=\toks28
) (/usr/local/share/texmf/tex/latex/appendix/appendix.sty
Package: appendix 2020/02/08 v1.2c extra appendix facilities
\c@@pps=\count311
\c@@ppsavesec=\count312
\c@@ppsaveapp=\count313
) (/usr/share/texmf-dist/tex/latex/xcolor/xcolor.sty
Package: xcolor 2016/05/11 v2.12 LaTeX color extensions (UK)
 (/usr/share/texmf-dist/tex/latex/graphics-cfg/color.cfg
File: color.cfg 2016/01/02 v1.6 sample color configuration
)
Package xcolor Info: Driver file: pdftex.def on input line 225.
Package xcolor Info: Model `cmy' substituted by `cmy0' on input line 1348.
Package xcolor Info: Model `hsb' substituted by `rgb' on input line 1352.
Package xcolor Info: Model `RGB' extended on input line 1364.
Package xcolor Info: Model `HTML' substituted by `rgb' on input line 1366.
Package xcolor Info: Model `Hsb' substituted by `hsb' on input line 1367.
Package xcolor Info: Model `tHsb' substituted by `hsb' on input line 1368.
Package xcolor Info: Model `HSB' substituted by `hsb' on input line 1369.
Package xcolor Info: Model `Gray' substituted by `gray' on input line 1370.
Package xcolor Info: Model `wave' substituted by `hsb' on input line 1371.
) (/usr/share/texmf-dist/tex/latex/l3backend/l3backend-pdftex.def
File: l3backend-pdftex.def 2020-09-24 L3 backend support: PDF output (pdfTeX)
\l__kernel_color_stack_int=\count314
\l__pdf_internal_box=\box59
) (/home/rishi/Documents/Adversarial-Attack/Report/Seminar Report.aux)
LaTeX Font Info:    Checking defaults for OML/cmm/m/it on input line 20.
LaTeX Font Info:    ... okay on input line 20.
LaTeX Font Info:    Checking defaults for OMS/cmsy/m/n on input line 20.
LaTeX Font Info:    ... okay on input line 20.
LaTeX Font Info:    Checking defaults for OT1/cmr/m/n on input line 20.
LaTeX Font Info:    ... okay on input line 20.
LaTeX Font Info:    Checking defaults for T1/cmr/m/n on input line 20.
LaTeX Font Info:    ... okay on input line 20.
LaTeX Font Info:    Checking defaults for TS1/cmr/m/n on input line 20.
LaTeX Font Info:    ... okay on input line 20.
LaTeX Font Info:    Checking defaults for OMX/cmex/m/n on input line 20.
LaTeX Font Info:    ... okay on input line 20.
LaTeX Font Info:    Checking defaults for U/cmr/m/n on input line 20.
LaTeX Font Info:    ... okay on input line 20.
LaTeX Font Info:    Checking defaults for PD1/pdf/m/n on input line 20.
LaTeX Font Info:    ... okay on input line 20.
 (/usr/share/texmf-dist/tex/context/base/mkii/supp-pdf.mkii
[Loading MPS to PDF converter (version 2006.09.02).]
\scratchcounter=\count315
\scratchdimen=\dimen191
\scratchbox=\box60
\nofMPsegments=\count316
\nofMParguments=\count317
\everyMPshowfont=\toks29
\MPscratchCnt=\count318
\MPscratchDim=\dimen192
\MPnumerator=\count319
\makeMPintoPDFobject=\count320
\everyMPtoPDFconversion=\toks30
) (/usr/share/texmf-dist/tex/latex/epstopdf-pkg/epstopdf-base.sty
Package: epstopdf-base 2020-01-24 v2.11 Base part for package epstopdf
Package epstopdf-base Info: Redefining graphics rule for `.eps' on input line 485.
 (/usr/share/texmf-dist/tex/latex/latexconfig/epstopdf-sys.cfg
File: epstopdf-sys.cfg 2010/07/13 v1.3 Configuration of (r)epstopdf for TeX Live
))
Package hyperref Info: Link coloring ON on input line 20.
 (/usr/share/texmf-dist/tex/latex/hyperref/nameref.sty
Package: nameref 2019/09/16 v2.46 Cross-referencing by name of section
 (/usr/share/texmf-dist/tex/latex/refcount/refcount.sty
Package: refcount 2019/12/15 v3.6 Data extraction from label references (HO)
) (/usr/share/texmf-dist/tex/generic/gettitlestring/gettitlestring.sty
Package: gettitlestring 2019/12/15 v1.6 Cleanup title references (HO)
)
\c@section@level=\count321
)
LaTeX Info: Redefining \ref on input line 20.
LaTeX Info: Redefining \pageref on input line 20.
LaTeX Info: Redefining \nameref on input line 20.
 (/home/rishi/Documents/Adversarial-Attack/Report/Seminar Report.out) (/home/rishi/Documents/Adversarial-Attack/Report/Seminar Report.out)
\@outlinefile=\write5
Package caption Info: Begin \AtBeginDocument code.
Package caption Info: End \AtBeginDocument code.

*geometry* driver: auto-detecting
*geometry* detected driver: pdftex
*geometry* verbose mode - [ preamble ] result:
* driver: pdftex
* paper: a4paper
* layout: <same size as paper>
* layoutoffset:(h,v)=(0.0pt,0.0pt)
* modes: 
* h-part:(L,W,R)=(42.67912pt, 512.14963pt, 42.67912pt)
* v-part:(T,H,B)=(56.9055pt, 731.23584pt, 56.9055pt)
* \paperwidth=597.50787pt
* \paperheight=845.04684pt
* \textwidth=512.14963pt
* \textheight=731.23584pt
* \oddsidemargin=-29.59087pt
* \evensidemargin=-29.59087pt
* \topmargin=-52.36449pt
* \headheight=12.0pt
* \headsep=25.0pt
* \topskip=10.0pt
* \footskip=30.0pt
* \marginparwidth=4.0pt
* \marginparsep=10.0pt
* \columnsep=10.0pt
* \skip\footins=9.0pt plus 4.0pt minus 2.0pt
* \hoffset=0.0pt
* \voffset=0.0pt
* \mag=1000
* \@twocolumntrue
* \@twosidefalse
* \@mparswitchfalse
* \@reversemarginfalse
* (1in=72.27pt=25.4mm, 1cm=28.453pt)

LaTeX Font Info:    Trying to load font information for U+msa on input line 22.
(/usr/share/texmf-dist/tex/latex/amsfonts/umsa.fd
File: umsa.fd 2013/01/14 v3.01 AMS symbols A
)
LaTeX Font Info:    Trying to load font information for U+msb on input line 22.
 (/usr/share/texmf-dist/tex/latex/amsfonts/umsb.fd
File: umsb.fd 2013/01/14 v3.01 AMS symbols B
) (/home/rishi/Documents/Adversarial-Attack/Report/sections/abstract.tex) (/home/rishi/Documents/Adversarial-Attack/Report/sections/introduction.tex
<images/introduction_neural.png, id=108, 1284.8pt x 793.96625pt>
File: images/introduction_neural.png Graphic file (type png)
<use images/introduction_neural.png>
Package pdftex.def Info: images/introduction_neural.png  used on input line 11.
(pdftex.def)             Requested size: 150.64641pt x 93.09114pt.
<images/deep_neural_network.jpeg, id=112, 803.0pt x 534.99875pt>
File: images/deep_neural_network.jpeg Graphic file (type jpg)
<use images/deep_neural_network.jpeg>
Package pdftex.def Info: images/deep_neural_network.jpeg  used on input line 34.
(pdftex.def)             Requested size: 150.64641pt x 100.36916pt.
 [1{/var/lib/texmf/fonts/map/pdftex/updmap/pdftex.map}


 </home/rishi/Documents/Adversarial-Attack/Report/images/introduction_neural.png (PNG copy)>]) (/home/rishi/Documents/Adversarial-Attack/Report/sections/adversarial_machine_learning.tex) (/home/rishi/Documents/Adversarial-Attack/Report/sections/definitions_and_notations.tex [2 </home/rishi/Documents/Adversarial-Attack/Report/images/deep_neural_network.jpeg>] [3]) (/home/rishi/Documents/Adversarial-Attack/Report/sections/some_adversarial_attacks.tex
<images/panda_attack.png, id=157, 2007.5pt x 796.9775pt>
File: images/panda_attack.png Graphic file (type png)
<use images/panda_attack.png>
Package pdftex.def Info: images/panda_attack.png  used on input line 8.
(pdftex.def)             Requested size: 200.86061pt x 79.73889pt.
<images/example1.png, id=159, 1284.8pt x 630.355pt>
File: images/example1.png Graphic file (type png)
<use images/example1.png>
Package pdftex.def Info: images/example1.png  used on input line 17.
(pdftex.def)             Requested size: 175.7516pt x 86.2196pt.
<images/example2.png, id=161, 1174.3875pt x 583.17876pt>
File: images/example2.png Graphic file (type png)
<use images/example2.png>
Package pdftex.def Info: images/example2.png  used on input line 25.
(pdftex.def)             Requested size: 100.42839pt x 49.86763pt.
<images/example3.png, id=163, 1053.9375pt x 578.16pt>
File: images/example3.png Graphic file (type png)
<use images/example3.png>
Package pdftex.def Info: images/example3.png  used on input line 34.
(pdftex.def)             Requested size: 100.42839pt x 55.08456pt.
 [4 </home/rishi/Documents/Adversarial-Attack/Report/images/panda_attack.png (PNG copy)> </home/rishi/Documents/Adversarial-Attack/Report/images/example1.png (PNG copy)> </home/rishi/Documents/Adversarial-Attack/Report/images/example2.png (PNG copy)>]
<images/example4.png, id=179, 986.68625pt x 612.2875pt>
File: images/example4.png Graphic file (type png)
<use images/example4.png>
Package pdftex.def Info: images/example4.png  used on input line 43.
(pdftex.def)             Requested size: 175.7516pt x 109.05783pt.
<images/example5.png, id=181, 1870.99pt x 736.7525pt>
File: images/example5.png Graphic file (type png)
<use images/example5.png>
Package pdftex.def Info: images/example5.png  used on input line 52.
(pdftex.def)             Requested size: 251.07481pt x 98.86147pt.
) (/home/rishi/Documents/Adversarial-Attack/Report/sections/non_targeted_and_targated_attacks.tex
<images/non_targeted1.png, id=184, 554.07pt x 220.825pt>
File: images/non_targeted1.png Graphic file (type png)
<use images/non_targeted1.png>
Package pdftex.def Info: images/non_targeted1.png  used on input line 12.
(pdftex.def)             Requested size: 175.7516pt x 70.04544pt.
 [5 </home/rishi/Documents/Adversarial-Attack/Report/images/example3.png (PNG copy)> </home/rishi/Documents/Adversarial-Attack/Report/images/example4.png (PNG copy)> </home/rishi/Documents/Adversarial-Attack/Report/images/example5.png> </home/rishi/Documents/Adversarial-Attack/Report/images/non_targeted1.png (PNG copy)>]
<images/mnist.png, id=196, 803.0pt x 602.25pt>
File: images/mnist.png Graphic file (type png)
<use images/mnist.png>
Package pdftex.def Info: images/mnist.png  used on input line 30.
(pdftex.def)             Requested size: 125.5374pt x 94.14728pt.
<images/adversarial1.png, id=201, 597.23125pt x 302.12875pt>
File: images/adversarial1.png Graphic file (type png)
<use images/adversarial1.png>
Package pdftex.def Info: images/adversarial1.png  used on input line 54.
(pdftex.def)             Requested size: 256.07481pt x 129.544pt.
<images/adversarial2.png, id=202, 597.23125pt x 302.12875pt>
File: images/adversarial2.png Graphic file (type png)
<use images/adversarial2.png>
Package pdftex.def Info: images/adversarial2.png  used on input line 60.
(pdftex.def)             Requested size: 256.07481pt x 129.544pt.
<images/adversarial3.png, id=203, 597.23125pt x 302.12875pt>
File: images/adversarial3.png Graphic file (type png)
<use images/adversarial3.png>
Package pdftex.def Info: images/adversarial3.png  used on input line 66.
(pdftex.def)             Requested size: 256.07481pt x 129.544pt.
<images/adversarial4.png, id=204, 597.23125pt x 302.12875pt>
File: images/adversarial4.png Graphic file (type png)
<use images/adversarial4.png>
Package pdftex.def Info: images/adversarial4.png  used on input line 72.
(pdftex.def)             Requested size: 256.07481pt x 129.544pt.

Overfull \hbox (5.0pt too wide) in paragraph at lines 52--76
[]$[]$
 []


Overfull \hbox (5.0pt too wide) in paragraph at lines 52--76
[]$
 []


Overfull \hbox (5.0pt too wide) in paragraph at lines 52--76
[]$
 []


Overfull \hbox (5.0pt too wide) in paragraph at lines 52--76
[]$ 
 []

) (/home/rishi/Documents/Adversarial-Attack/Report/sections/protecting_agains_adversarial.tex
File: images/adversarial1.png Graphic file (type png)
<use images/adversarial1.png>
Package pdftex.def Info: images/adversarial1.png  used on input line 9.
(pdftex.def)             Requested size: 175.7516pt x 88.91052pt.
<images/thresholding.png, id=205, 594.22pt x 302.12875pt>
File: images/thresholding.png Graphic file (type png)
<use images/thresholding.png>
Package pdftex.def Info: images/thresholding.png  used on input line 15.
(pdftex.def)             Requested size: 175.7516pt x 89.36232pt.
<images/panda_thresholding.png, id=207, 702.625pt x 352.31625pt>
File: images/panda_thresholding.png Graphic file (type png)
<use images/panda_thresholding.png>
Package pdftex.def Info: images/panda_thresholding.png  used on input line 23.
(pdftex.def)             Requested size: 175.7516pt x 88.12723pt.
 [6 </home/rishi/Documents/Adversarial-Attack/Report/images/mnist.png (PNG copy)>] [7 </home/rishi/Documents/Adversarial-Attack/Report/images/adversarial1.png> </home/rishi/Documents/Adversarial-Attack/Report/images/adversarial2.png> </home/rishi/Documents/Adversarial-Attack/Report/images/adversarial3.png> </home/rishi/Documents/Adversarial-Attack/Report/images/adversarial4.png> </home/rishi/Documents/Adversarial-Attack/Report/images/thresholding.png> </home/rishi/Documents/Adversarial-Attack/Report/images/panda_thresholding.png (PNG copy)>]
<images/functions.png, id=231, 1284.8pt x 330.23375pt>
File: images/functions.png Graphic file (type png)
<use images/functions.png>
Package pdftex.def Info: images/functions.png  used on input line 39.
(pdftex.def)             Requested size: 251.07481pt x 64.53389pt.
) (/home/rishi/Documents/Adversarial-Attack/Report/sections/conclusion.tex
Underfull \vbox (badness 2277) has occurred while \output is active []

)
Underfull \hbox (badness 2237) in paragraph at lines 6--38
\OT1/cmr/m/n/10 They show us that al-though we have made great
 []


Underfull \hbox (badness 2359) in paragraph at lines 6--38
\OT1/cmr/m/n/10 leaps and bounds there is still much that we do
 []

(/home/rishi/Documents/Adversarial-Attack/Report/sections/appendix.tex [8 </home/rishi/Documents/Adversarial-Attack/Report/images/functions.png (PNG copy)>]) (/home/rishi/Documents/Adversarial-Attack/Report/Seminar Report.bbl) [9] (/home/rishi/Documents/Adversarial-Attack/Report/Seminar Report.aux)
Package rerunfilecheck Info: File `"Seminar Report".out' has not changed.
(rerunfilecheck)             Checksum: 2675A23A86CC55957401351F36ECD874;1736.
 ) 
Here is how much of TeX's memory you used:
 13898 strings out of 479383
 241486 string characters out of 5875831
 617498 words of memory out of 5000000
 30669 multiletter control sequences out of 15000+600000
 413256 words of font info for 64 fonts, out of 8000000 for 9000
 1141 hyphenation exceptions out of 8191
 79i,14n,85p,1638b,517s stack positions out of 5000i,500n,10000p,200000b,80000s
{/usr/share/texmf-dist/fonts/enc/dvips/cm-super/cm-super-ts1.enc}</usr/share/texmf-dist/fonts/type1/public/amsfonts/cm/cmbx10.pfb></usr/share/texmf-dist/fonts/type1/public/amsfonts/cm/cmbx12.pfb></usr/share/texmf-dist/fonts/type1/public/amsfonts/cm/cmex10.pfb></usr/share/texmf-dist/fonts/type1/public/amsfonts/cm/cmmi10.pfb></usr/share/texmf-dist/fonts/type1/public/amsfonts/cm/cmmi5.pfb></usr/share/texmf-dist/fonts/type1/public/amsfonts/cm/cmmi7.pfb></usr/share/texmf-dist/fonts/type1/public/amsfonts/cm/cmr10.pfb></usr/share/texmf-dist/fonts/type1/public/amsfonts/cm/cmr12.pfb></usr/share/texmf-dist/fonts/type1/public/amsfonts/cm/cmr17.pfb></usr/share/texmf-dist/fonts/type1/public/amsfonts/cm/cmr7.pfb></usr/share/texmf-dist/fonts/type1/public/amsfonts/cm/cmr9.pfb></usr/share/texmf-dist/fonts/type1/public/amsfonts/cm/cmsy10.pfb></usr/share/texmf-dist/fonts/type1/public/amsfonts/cm/cmsy7.pfb></usr/share/texmf-dist/fonts/type1/public/amsfonts/cm/cmti10.pfb></usr/share/texmf-dist/fonts/type1/public/cm-super/sfrm1000.pfb></usr/share/texmf-dist/fonts/type1/public/cm-super/sfti1000.pfb>
Output written on "/home/rishi/Documents/Adversarial-Attack/Report/Seminar Report.pdf" (9 pages, 3817512 bytes).
PDF statistics:
 336 PDF objects out of 1000 (max. 8388607)
 283 compressed objects within 3 object streams
 84 named destinations out of 1000 (max. 500000)
 294 words of extra memory for PDF output out of 10000 (max. 10000000)

